
** (surf:1914274): WARNING **: 17:47:34.059: Could not open /sys/class/dmi/id/chassis_type: Failed to open file “/sys/class/dmi/id/chassis_type”: Permission denied

** (surf:1914274): WARNING **: 17:47:34.059: Could not open /sys/firmware/acpi/pm_profile: Failed to open file “/sys/firmware/acpi/pm_profile”: Permission denied

(surf:1914274): Gtk-WARNING **: 17:47:34.114: Theme parsing error: gtk.css:1549:29: 'transparntize' is not a valid color name

(surf:1914274): Gtk-WARNING **: 17:47:34.114: Theme parsing error: gtk.css:1554:31: 'transparntize' is not a valid color name

(surf:1914274): Gtk-WARNING **: 17:47:34.121: Theme parsing error: gtk.css:1859:72: The :insensitive pseudo-class is deprecated. Use :disabled instead.

(surf:1914274): Gtk-WARNING **: 17:47:34.121: Theme parsing error: gtk.css:1859:117: The :insensitive pseudo-class is deprecated. Use :disabled instead.

(surf:1914274): Gtk-WARNING **: 17:47:34.121: Theme parsing error: gtk.css:1883:72: The :insensitive pseudo-class is deprecated. Use :disabled instead.

(surf:1914274): Gtk-WARNING **: 17:47:34.121: Theme parsing error: gtk.css:1883:117: The :insensitive pseudo-class is deprecated. Use :disabled instead.

(surf:1914274): IBUS-WARNING **: 17:47:34.236: Unable to load /var/lib/dbus/machine-id: Failed to open file “/var/lib/dbus/machine-id”: Permission denied

(surf:1914274): IBUS-WARNING **: 17:47:34.236: open /home/tholian/.config/ibus/bus failed: Permission denied
Could not determine the accessibility bus address

(WebKitWebProcess:1914334): Gtk-WARNING **: 17:47:34.867: Theme parsing error: gtk.css:1549:29: 'transparntize' is not a valid color name

(WebKitWebProcess:1914334): Gtk-WARNING **: 17:47:34.867: Theme parsing error: gtk.css:1554:31: 'transparntize' is not a valid color name

(WebKitWebProcess:1914334): Gtk-WARNING **: 17:47:34.868: Theme parsing error: gtk.css:1859:72: The :insensitive pseudo-class is deprecated. Use :disabled instead.

(WebKitWebProcess:1914334): Gtk-WARNING **: 17:47:34.868: Theme parsing error: gtk.css:1859:117: The :insensitive pseudo-class is deprecated. Use :disabled instead.

(WebKitWebProcess:1914334): Gtk-WARNING **: 17:47:34.868: Theme parsing error: gtk.css:1883:72: The :insensitive pseudo-class is deprecated. Use :disabled instead.

(WebKitWebProcess:1914334): Gtk-WARNING **: 17:47:34.868: Theme parsing error: gtk.css:1883:117: The :insensitive pseudo-class is deprecated. Use :disabled instead.

(WebKitWebProcess:1914334): Gtk-WARNING **: 17:47:34.939: Theme parsing error: gtk.css:1549:29: 'transparntize' is not a valid color name

(WebKitWebProcess:1914334): Gtk-WARNING **: 17:47:34.939: Theme parsing error: gtk.css:1554:31: 'transparntize' is not a valid color name

(WebKitWebProcess:1914334): Gtk-WARNING **: 17:47:34.940: Theme parsing error: gtk.css:1859:72: The :insensitive pseudo-class is deprecated. Use :disabled instead.

(WebKitWebProcess:1914334): Gtk-WARNING **: 17:47:34.940: Theme parsing error: gtk.css:1859:117: The :insensitive pseudo-class is deprecated. Use :disabled instead.

(WebKitWebProcess:1914334): Gtk-WARNING **: 17:47:34.940: Theme parsing error: gtk.css:1883:72: The :insensitive pseudo-class is deprecated. Use :disabled instead.

(WebKitWebProcess:1914334): Gtk-WARNING **: 17:47:34.940: Theme parsing error: gtk.css:1883:117: The :insensitive pseudo-class is deprecated. Use :disabled instead.
